#! /usr/share/iverilog-0.9.7/bin/vvp
:ivl_version "0.9.7 " "(v0_9_6)";
:vpi_time_precision - 12;
:vpi_module "system";
:vpi_module "v2005_math";
:vpi_module "va_math";
S_0x23e7e10 .scope module, "RAM_tb" "RAM_tb" 2 2;
 .timescale -9 -12;
v0x23fe8f0_0 .var "Addr", 9 0;
v0x23fe990_0 .var "CS", 0 0;
v0x23fea40_0 .var "READ", 0 0;
v0x23feaf0_0 .var "WRITE", 0 0;
v0x23febd0_0 .var "clk", 0 0;
v0x23fec80_0 .var "dataIn", 7 0;
v0x23fed00_0 .net "dataOut", 7 0, v0x23fe800_0; 1 drivers
S_0x23e7f00 .scope module, "uut" "RAM" 2 13, 3 3, S_0x23e7e10;
 .timescale -9 -12;
P_0x23e5a38 .param/l "ADR" 3 12, +C4<01010>;
P_0x23e5a60 .param/l "DATA" 3 13, +C4<01000>;
P_0x23e5a88 .param/l "MS" 3 14, +C4<010000000000>;
v0x23e7ff0_0 .net "Addr", 9 0, v0x23fe8f0_0; 1 drivers
v0x23fe410_0 .net "CS", 0 0, v0x23fe990_0; 1 drivers
v0x23fe4b0 .array "RAM", 0 1023, 7 0;
v0x23fe530_0 .net "READ", 0 0, v0x23fea40_0; 1 drivers
v0x23fe5e0_0 .net "WRITE", 0 0, v0x23feaf0_0; 1 drivers
v0x23fe680_0 .net "clk", 0 0, v0x23febd0_0; 1 drivers
v0x23fe760_0 .net "dataIn", 7 0, v0x23fec80_0; 1 drivers
v0x23fe800_0 .var "dataOut", 7 0;
E_0x23c4f00 .event posedge, v0x23fe680_0;
    .scope S_0x23e7f00;
T_0 ;
    %wait E_0x23c4f00;
    %load/v 8, v0x23fe410_0, 1;
    %jmp/0xz  T_0.0, 8;
    %load/v 8, v0x23fe5e0_0, 1;
    %load/v 9, v0x23fe530_0, 1;
    %cmpi/u 9, 0, 1;
    %mov 9, 4, 1;
    %and 8, 9, 1;
    %jmp/0xz  T_0.2, 8;
    %load/v 8, v0x23fe760_0, 8;
    %ix/getv 3, v0x23e7ff0_0;
   %jmp/1 t_0, 4;
   %ix/load 1, 0, 0;
   %set/av v0x23fe4b0, 8, 8;
t_0 ;
    %jmp T_0.3;
T_0.2 ;
    %load/v 8, v0x23fe530_0, 1;
    %load/v 9, v0x23fe5e0_0, 1;
    %cmpi/u 9, 0, 1;
    %mov 9, 4, 1;
    %and 8, 9, 1;
    %jmp/0xz  T_0.4, 8;
    %ix/getv 3, v0x23e7ff0_0;
    %load/av 8, v0x23fe4b0, 8;
    %set/v v0x23fe800_0, 8, 8;
T_0.4 ;
T_0.3 ;
T_0.0 ;
    %jmp T_0;
    .thread T_0;
    .scope S_0x23e7e10;
T_1 ;
    %set/v v0x23fec80_0, 0, 8;
    %set/v v0x23fe8f0_0, 0, 10;
    %set/v v0x23fe990_0, 0, 1;
    %set/v v0x23feaf0_0, 0, 1;
    %set/v v0x23fea40_0, 0, 1;
    %set/v v0x23febd0_0, 0, 1;
    %delay 100000, 0;
    %set/v v0x23fec80_0, 0, 8;
    %set/v v0x23fe8f0_0, 0, 10;
    %set/v v0x23fe990_0, 1, 1;
    %set/v v0x23feaf0_0, 1, 1;
    %set/v v0x23fea40_0, 0, 1;
    %delay 20000, 0;
    %movi 8, 1, 8;
    %set/v v0x23fec80_0, 8, 8;
    %set/v v0x23fe8f0_0, 0, 10;
    %delay 20000, 0;
    %movi 8, 18, 8;
    %set/v v0x23fec80_0, 8, 8;
    %movi 8, 1, 10;
    %set/v v0x23fe8f0_0, 8, 10;
    %delay 20000, 0;
    %movi 8, 19, 8;
    %set/v v0x23fec80_0, 8, 8;
    %movi 8, 2, 10;
    %set/v v0x23fe8f0_0, 8, 10;
    %delay 20000, 0;
    %movi 8, 22, 8;
    %set/v v0x23fec80_0, 8, 8;
    %movi 8, 3, 10;
    %set/v v0x23fe8f0_0, 8, 10;
    %delay 20000, 0;
    %movi 8, 2, 8;
    %set/v v0x23fec80_0, 8, 8;
    %movi 8, 4, 10;
    %set/v v0x23fe8f0_0, 8, 10;
    %delay 40000, 0;
    %set/v v0x23fe8f0_0, 0, 10;
    %set/v v0x23feaf0_0, 0, 1;
    %set/v v0x23fea40_0, 1, 1;
    %delay 20000, 0;
    %movi 8, 1, 10;
    %set/v v0x23fe8f0_0, 8, 10;
    %delay 20000, 0;
    %movi 8, 2, 10;
    %set/v v0x23fe8f0_0, 8, 10;
    %delay 20000, 0;
    %movi 8, 3, 10;
    %set/v v0x23fe8f0_0, 8, 10;
    %delay 20000, 0;
    %movi 8, 4, 10;
    %set/v v0x23fe8f0_0, 8, 10;
    %end;
    .thread T_1;
    .scope S_0x23e7e10;
T_2 ;
    %delay 10000, 0;
    %load/v 8, v0x23febd0_0, 1;
    %inv 8, 1;
    %set/v v0x23febd0_0, 8, 1;
    %jmp T_2;
    .thread T_2;
    .scope S_0x23e7e10;
T_3 ;
    %vpi_call 2 68 "$dumpfile", "dump.vcd";
    %vpi_call 2 69 "$dumpvars";
    %delay 400000, 0;
    %vpi_call 2 70 "$finish";
    %end;
    .thread T_3;
# The file index is used to find the file name in the following table.
:file_names 4;
    "N/A";
    "<interactive>";
    "testbench.sv";
    "design.sv";
