#! /usr/share/iverilog-0.9.7/bin/vvp
:ivl_version "0.9.7 " "(v0_9_6)";
:vpi_time_precision + 0;
:vpi_module "system";
:vpi_module "v2005_math";
:vpi_module "va_math";
S_0x1edad30 .scope module, "test_parity" "test_parity" 2 1;
 .timescale 0 0;
v0x1ef0340_0 .var "clk", 0 0;
v0x1ef0410_0 .var "x", 0 0;
v0x1ef04c0_0 .net "z", 0 0, v0x1ef0290_0; 1 drivers
S_0x1edae20 .scope module, "PAR" "parity_gen" 2 3, 3 2, S_0x1edad30;
 .timescale 0 0;
P_0x1edaf18 .param/l "EVEN" 3 6, +C4<0>;
P_0x1edaf40 .param/l "ODD" 3 6, +C4<01>;
v0x1ec9d30_0 .net "clk", 0 0, v0x1ef0340_0; 1 drivers
v0x1ef0150_0 .var "state", 0 0;
v0x1ef01f0_0 .net "x", 0 0, v0x1ef0410_0; 1 drivers
v0x1ef0290_0 .var "z", 0 0;
E_0x1ec93d0 .event posedge, v0x1ec9d30_0;
    .scope S_0x1edae20;
T_0 ;
    %wait E_0x1ec93d0;
    %load/v 8, v0x1ef0150_0, 1;
    %cmpi/u 8, 0, 1;
    %jmp/1 T_0.0, 6;
    %cmpi/u 8, 1, 1;
    %jmp/1 T_0.1, 6;
    %ix/load 0, 1, 0;
    %assign/v0 v0x1ef0150_0, 0, 0;
    %jmp T_0.3;
T_0.0 ;
    %load/v 8, v0x1ef01f0_0, 1;
    %jmp/0  T_0.4, 8;
    %mov 9, 1, 1;
    %jmp/1  T_0.6, 8;
T_0.4 ; End of true expr.
    %jmp/0  T_0.5, 8;
 ; End of false expr.
    %blend  9, 0, 1; Condition unknown.
    %jmp  T_0.6;
T_0.5 ;
    %mov 9, 0, 1; Return false value
T_0.6 ;
    %ix/load 0, 1, 0;
    %assign/v0 v0x1ef0290_0, 0, 9;
    %load/v 8, v0x1ef01f0_0, 1;
    %jmp/0  T_0.7, 8;
    %movi 9, 1, 2;
    %jmp/1  T_0.9, 8;
T_0.7 ; End of true expr.
    %jmp/0  T_0.8, 8;
 ; End of false expr.
    %blend  9, 0, 2; Condition unknown.
    %jmp  T_0.9;
T_0.8 ;
    %mov 9, 0, 2; Return false value
T_0.9 ;
    %ix/load 0, 1, 0;
    %assign/v0 v0x1ef0150_0, 0, 9;
    %jmp T_0.3;
T_0.1 ;
    %load/v 8, v0x1ef01f0_0, 1;
    %jmp/0  T_0.10, 8;
    %mov 9, 0, 1;
    %jmp/1  T_0.12, 8;
T_0.10 ; End of true expr.
    %jmp/0  T_0.11, 8;
 ; End of false expr.
    %blend  9, 1, 1; Condition unknown.
    %jmp  T_0.12;
T_0.11 ;
    %mov 9, 1, 1; Return false value
T_0.12 ;
    %ix/load 0, 1, 0;
    %assign/v0 v0x1ef0290_0, 0, 9;
    %load/v 8, v0x1ef01f0_0, 1;
    %jmp/0  T_0.13, 8;
    %mov 9, 0, 2;
    %jmp/1  T_0.15, 8;
T_0.13 ; End of true expr.
    %movi 11, 1, 2;
    %jmp/0  T_0.14, 8;
 ; End of false expr.
    %blend  9, 11, 2; Condition unknown.
    %jmp  T_0.15;
T_0.14 ;
    %mov 9, 11, 2; Return false value
T_0.15 ;
    %ix/load 0, 1, 0;
    %assign/v0 v0x1ef0150_0, 0, 9;
    %jmp T_0.3;
T_0.3 ;
    %jmp T_0;
    .thread T_0;
    .scope S_0x1edad30;
T_1 ;
    %set/v v0x1ef0340_0, 0, 1;
    %end;
    .thread T_1;
    .scope S_0x1edad30;
T_2 ;
    %delay 5, 0;
    %load/v 8, v0x1ef0340_0, 1;
    %inv 8, 1;
    %set/v v0x1ef0340_0, 8, 1;
    %jmp T_2;
    .thread T_2;
    .scope S_0x1edad30;
T_3 ;
    %delay 2, 0;
    %set/v v0x1ef0410_0, 0, 1;
    %delay 10, 0;
    %set/v v0x1ef0410_0, 1, 1;
    %delay 10, 0;
    %set/v v0x1ef0410_0, 1, 1;
    %delay 10, 0;
    %set/v v0x1ef0410_0, 1, 1;
    %delay 10, 0;
    %set/v v0x1ef0410_0, 0, 1;
    %delay 10, 0;
    %set/v v0x1ef0410_0, 1, 1;
    %delay 10, 0;
    %set/v v0x1ef0410_0, 0, 1;
    %delay 10, 0;
    %set/v v0x1ef0410_0, 0, 1;
    %delay 10, 0;
    %set/v v0x1ef0410_0, 0, 1;
    %delay 10, 0;
    %set/v v0x1ef0410_0, 1, 1;
    %delay 10, 0;
    %set/v v0x1ef0410_0, 1, 1;
    %delay 10, 0;
    %set/v v0x1ef0410_0, 0, 1;
    %delay 10, 0;
    %set/v v0x1ef0410_0, 1, 1;
    %delay 10, 0;
    %set/v v0x1ef0410_0, 1, 1;
    %delay 10, 0;
    %set/v v0x1ef0410_0, 1, 1;
    %delay 10, 0;
    %set/v v0x1ef0410_0, 1, 1;
    %delay 10, 0;
    %set/v v0x1ef0410_0, 0, 1;
    %delay 10, 0;
    %set/v v0x1ef0410_0, 0, 1;
    %delay 10, 0;
    %set/v v0x1ef0410_0, 0, 1;
    %delay 10, 0;
    %set/v v0x1ef0410_0, 0, 1;
    %delay 10, 0;
    %vpi_call 2 16 "$finish";
    %end;
    .thread T_3;
    .scope S_0x1edad30;
T_4 ;
    %vpi_call 2 19 "$dumpfile", "dump.vcd";
    %vpi_call 2 20 "$dumpvars";
    %delay 200, 0;
    %vpi_call 2 21 "$finish";
    %end;
    .thread T_4;
# The file index is used to find the file name in the following table.
:file_names 4;
    "N/A";
    "<interactive>";
    "testbench.sv";
    "design.sv";
