#! /usr/share/iverilog-0.9.7/bin/vvp
:ivl_version "0.9.7 " "(v0_9_6)";
:vpi_time_precision + 0;
:vpi_module "system";
:vpi_module "v2005_math";
:vpi_module "va_math";
S_0x12eb2d0 .scope module, "UpDown_Test" "UpDown_Test" 2 2;
 .timescale 0 0;
v0x12fe3d0_0 .net "BCD_output", 6 0, v0x12d7ea0_0; 1 drivers
v0x12fe4a0_0 .var "clk", 0 0;
v0x12fe550_0 .net "count", 3 0, v0x12fe1e0_0; 1 drivers
v0x12fe600_0 .var "mode", 0 0;
v0x12fe6e0_0 .var "reset", 0 0;
S_0x12eb3c0 .scope module, "uut" "UpDown_Count" 2 11, 3 1, S_0x12eb2d0;
 .timescale 0 0;
v0x12d7ea0_0 .var "BCD_output", 6 0;
v0x12fe140_0 .net "clk", 0 0, v0x12fe4a0_0; 1 drivers
v0x12fe1e0_0 .var "count", 3 0;
v0x12fe280_0 .net "mode", 0 0, v0x12fe600_0; 1 drivers
v0x12fe330_0 .net "reset", 0 0, v0x12fe6e0_0; 1 drivers
E_0x12d7540 .event posedge, v0x12fe330_0, v0x12fe140_0;
E_0x12c6b60 .event edge, v0x12fe1e0_0;
    .scope S_0x12eb3c0;
T_0 ;
    %wait E_0x12c6b60;
    %load/v 8, v0x12fe1e0_0, 4;
    %cmpi/u 8, 0, 4;
    %jmp/1 T_0.0, 6;
    %cmpi/u 8, 1, 4;
    %jmp/1 T_0.1, 6;
    %cmpi/u 8, 2, 4;
    %jmp/1 T_0.2, 6;
    %cmpi/u 8, 3, 4;
    %jmp/1 T_0.3, 6;
    %cmpi/u 8, 4, 4;
    %jmp/1 T_0.4, 6;
    %cmpi/u 8, 5, 4;
    %jmp/1 T_0.5, 6;
    %cmpi/u 8, 6, 4;
    %jmp/1 T_0.6, 6;
    %cmpi/u 8, 7, 4;
    %jmp/1 T_0.7, 6;
    %cmpi/u 8, 8, 4;
    %jmp/1 T_0.8, 6;
    %cmpi/u 8, 9, 4;
    %jmp/1 T_0.9, 6;
    %cmpi/u 8, 10, 4;
    %jmp/1 T_0.10, 6;
    %cmpi/u 8, 11, 4;
    %jmp/1 T_0.11, 6;
    %cmpi/u 8, 12, 4;
    %jmp/1 T_0.12, 6;
    %cmpi/u 8, 13, 4;
    %jmp/1 T_0.13, 6;
    %cmpi/u 8, 14, 4;
    %jmp/1 T_0.14, 6;
    %cmpi/u 8, 15, 4;
    %jmp/1 T_0.15, 6;
    %set/v v0x12d7ea0_0, 1, 7;
    %jmp T_0.17;
T_0.0 ;
    %movi 8, 1, 7;
    %set/v v0x12d7ea0_0, 8, 7;
    %jmp T_0.17;
T_0.1 ;
    %movi 8, 79, 7;
    %set/v v0x12d7ea0_0, 8, 7;
    %jmp T_0.17;
T_0.2 ;
    %movi 8, 18, 7;
    %set/v v0x12d7ea0_0, 8, 7;
    %jmp T_0.17;
T_0.3 ;
    %movi 8, 6, 7;
    %set/v v0x12d7ea0_0, 8, 7;
    %jmp T_0.17;
T_0.4 ;
    %movi 8, 76, 7;
    %set/v v0x12d7ea0_0, 8, 7;
    %jmp T_0.17;
T_0.5 ;
    %movi 8, 36, 7;
    %set/v v0x12d7ea0_0, 8, 7;
    %jmp T_0.17;
T_0.6 ;
    %movi 8, 32, 7;
    %set/v v0x12d7ea0_0, 8, 7;
    %jmp T_0.17;
T_0.7 ;
    %movi 8, 15, 7;
    %set/v v0x12d7ea0_0, 8, 7;
    %jmp T_0.17;
T_0.8 ;
    %set/v v0x12d7ea0_0, 0, 7;
    %jmp T_0.17;
T_0.9 ;
    %movi 8, 4, 7;
    %set/v v0x12d7ea0_0, 8, 7;
    %jmp T_0.17;
T_0.10 ;
    %movi 8, 9, 7;
    %set/v v0x12d7ea0_0, 8, 7;
    %jmp T_0.17;
T_0.11 ;
    %movi 8, 96, 7;
    %set/v v0x12d7ea0_0, 8, 7;
    %jmp T_0.17;
T_0.12 ;
    %movi 8, 49, 7;
    %set/v v0x12d7ea0_0, 8, 7;
    %jmp T_0.17;
T_0.13 ;
    %movi 8, 1, 7;
    %set/v v0x12d7ea0_0, 8, 7;
    %jmp T_0.17;
T_0.14 ;
    %movi 8, 48, 7;
    %set/v v0x12d7ea0_0, 8, 7;
    %jmp T_0.17;
T_0.15 ;
    %movi 8, 56, 7;
    %set/v v0x12d7ea0_0, 8, 7;
    %jmp T_0.17;
T_0.17 ;
    %jmp T_0;
    .thread T_0, $push;
    .scope S_0x12eb3c0;
T_1 ;
    %wait E_0x12d7540;
    %load/v 8, v0x12fe330_0, 1;
    %mov 9, 0, 2;
    %cmpi/u 8, 1, 3;
    %jmp/0xz  T_1.0, 4;
    %ix/load 0, 4, 0;
    %assign/v0 v0x12fe1e0_0, 0, 0;
    %jmp T_1.1;
T_1.0 ;
    %load/v 8, v0x12fe280_0, 1;
    %mov 9, 0, 1;
    %cmpi/u 8, 0, 2;
    %jmp/0xz  T_1.2, 4;
    %load/v 8, v0x12fe1e0_0, 4;
    %mov 12, 0, 28;
    %addi 8, 1, 32;
    %ix/load 0, 4, 0;
    %assign/v0 v0x12fe1e0_0, 0, 8;
    %jmp T_1.3;
T_1.2 ;
    %load/v 8, v0x12fe1e0_0, 4;
    %mov 12, 0, 28;
    %subi 8, 1, 32;
    %ix/load 0, 4, 0;
    %assign/v0 v0x12fe1e0_0, 0, 8;
T_1.3 ;
T_1.1 ;
    %jmp T_1;
    .thread T_1;
    .scope S_0x12eb2d0;
T_2 ;
    %delay 5, 0;
    %load/v 8, v0x12fe4a0_0, 1;
    %inv 8, 1;
    %set/v v0x12fe4a0_0, 8, 1;
    %jmp T_2;
    .thread T_2;
    .scope S_0x12eb2d0;
T_3 ;
    %set/v v0x12fe4a0_0, 0, 1;
    %set/v v0x12fe600_0, 0, 1;
    %delay 30, 0;
    %set/v v0x12fe6e0_0, 1, 1;
    %set/v v0x12fe600_0, 0, 1;
    %delay 140, 0;
    %set/v v0x12fe6e0_0, 0, 1;
    %delay 140, 0;
    %set/v v0x12fe600_0, 1, 1;
    %end;
    .thread T_3;
    .scope S_0x12eb2d0;
T_4 ;
    %vpi_call 2 28 "$dumpfile", "dump.vcd";
    %vpi_call 2 29 "$dumpvars";
    %delay 350, 0;
    %vpi_call 2 30 "$finish";
    %end;
    .thread T_4;
# The file index is used to find the file name in the following table.
:file_names 4;
    "N/A";
    "<interactive>";
    "testbench.sv";
    "design.sv";
