#! /usr/share/iverilog-0.9.7/bin/vvp
:ivl_version "0.9.7 " "(v0_9_6)";
:vpi_time_precision - 12;
:vpi_module "system";
:vpi_module "v2005_math";
:vpi_module "va_math";
S_0x18db110 .scope module, "tb_parking" "tb_parking" 2 2;
 .timescale -9 -12;
v0x191ecd0_0 .net "GREEN", 0 0, v0x191e7c0_0; 1 drivers
v0x191ed70_0 .net "HEX_1", 6 0, v0x191e220_0; 1 drivers
v0x191ee20_0 .net "HEX_2", 6 0, v0x191e2c0_0; 1 drivers
v0x191eed0_0 .net "RED", 0 0, v0x191eb10_0; 1 drivers
v0x191efb0_0 .var "clk", 0 0;
v0x191f060_0 .var "entry", 0 0;
v0x191f0e0_0 .var "exit", 0 0;
v0x191f190_0 .var "password1", 1 0;
v0x191f240_0 .var "password2", 1 0;
v0x191f2f0_0 .var "rst", 0 0;
S_0x1905740 .scope module, "uut" "parking" 2 18, 3 3, S_0x18db110;
 .timescale -9 -12;
P_0x18da9b8 .param/l "IDLE" 3 11, C4<000>;
P_0x18da9e0 .param/l "RIGHT_PASS" 3 11, C4<011>;
P_0x18daa08 .param/l "STOP" 3 11, C4<100>;
P_0x18daa30 .param/l "WAIT_PASSWORD" 3 11, C4<001>;
P_0x18daa58 .param/l "WRONG_PASS" 3 11, C4<010>;
v0x1905830_0 .alias "GREEN", 0 0, v0x191ecd0_0;
v0x191e220_0 .var "HEX_1", 6 0;
v0x191e2c0_0 .var "HEX_2", 6 0;
v0x191e360_0 .alias "RED", 0 0, v0x191eed0_0;
v0x191e410_0 .net "clk", 0 0, v0x191efb0_0; 1 drivers
v0x191e4b0_0 .var "counter_wait", 31 0;
v0x191e590_0 .var "current_state", 2 0;
v0x191e630_0 .net "entry", 0 0, v0x191f060_0; 1 drivers
v0x191e720_0 .net "exit", 0 0, v0x191f0e0_0; 1 drivers
v0x191e7c0_0 .var "green_tmp", 0 0;
v0x191e8c0_0 .var "next_state", 2 0;
v0x191e960_0 .net "password1", 1 0, v0x191f190_0; 1 drivers
v0x191ea70_0 .net "password2", 1 0, v0x191f240_0; 1 drivers
v0x191eb10_0 .var "red_tmp", 0 0;
v0x191ec30_0 .net "rst", 0 0, v0x191f2f0_0; 1 drivers
E_0x18f12e0 .event posedge, v0x191e410_0;
E_0x18daea0/0 .event edge, v0x191e590_0, v0x191e630_0, v0x191e4b0_0, v0x191e960_0;
E_0x18daea0/1 .event edge, v0x191ea70_0, v0x191e720_0;
E_0x18daea0 .event/or E_0x18daea0/0, E_0x18daea0/1;
E_0x1908af0/0 .event negedge, v0x191ec30_0;
E_0x1908af0/1 .event posedge, v0x191e410_0;
E_0x1908af0 .event/or E_0x1908af0/0, E_0x1908af0/1;
    .scope S_0x1905740;
T_0 ;
    %wait E_0x1908af0;
    %load/v 8, v0x191ec30_0, 1;
    %inv 8, 1;
    %jmp/0xz  T_0.0, 8;
    %set/v v0x191e590_0, 0, 3;
    %jmp T_0.1;
T_0.0 ;
    %load/v 8, v0x191e8c0_0, 3;
    %set/v v0x191e590_0, 8, 3;
T_0.1 ;
    %jmp T_0;
    .thread T_0;
    .scope S_0x1905740;
T_1 ;
    %wait E_0x1908af0;
    %load/v 8, v0x191ec30_0, 1;
    %inv 8, 1;
    %jmp/0xz  T_1.0, 8;
    %ix/load 0, 32, 0;
    %assign/v0 v0x191e4b0_0, 0, 0;
    %jmp T_1.1;
T_1.0 ;
    %load/v 8, v0x191e590_0, 3;
    %mov 11, 0, 1;
    %cmpi/u 8, 1, 4;
    %jmp/0xz  T_1.2, 4;
    %load/v 8, v0x191e4b0_0, 32;
    %mov 40, 0, 1;
    %addi 8, 1, 33;
    %ix/load 0, 32, 0;
    %assign/v0 v0x191e4b0_0, 0, 8;
    %jmp T_1.3;
T_1.2 ;
    %ix/load 0, 32, 0;
    %assign/v0 v0x191e4b0_0, 0, 0;
T_1.3 ;
T_1.1 ;
    %jmp T_1;
    .thread T_1;
    .scope S_0x1905740;
T_2 ;
    %wait E_0x18daea0;
    %load/v 8, v0x191e590_0, 3;
    %cmpi/u 8, 0, 3;
    %jmp/1 T_2.0, 6;
    %cmpi/u 8, 1, 3;
    %jmp/1 T_2.1, 6;
    %cmpi/u 8, 2, 3;
    %jmp/1 T_2.2, 6;
    %cmpi/u 8, 3, 3;
    %jmp/1 T_2.3, 6;
    %cmpi/u 8, 4, 3;
    %jmp/1 T_2.4, 6;
    %set/v v0x191e8c0_0, 0, 3;
    %jmp T_2.6;
T_2.0 ;
    %load/v 8, v0x191e630_0, 1;
    %mov 9, 0, 2;
    %cmpi/u 8, 1, 3;
    %jmp/0xz  T_2.7, 4;
    %movi 8, 1, 3;
    %set/v v0x191e8c0_0, 8, 3;
    %jmp T_2.8;
T_2.7 ;
    %set/v v0x191e8c0_0, 0, 3;
T_2.8 ;
    %jmp T_2.6;
T_2.1 ;
    %load/v 8, v0x191e4b0_0, 32;
   %cmpi/u 8, 3, 32;
    %or 5, 4, 1;
    %jmp/0xz  T_2.9, 5;
    %movi 8, 1, 3;
    %set/v v0x191e8c0_0, 8, 3;
    %jmp T_2.10;
T_2.9 ;
    %load/v 8, v0x191e960_0, 2;
    %cmpi/u 8, 1, 2;
    %mov 8, 4, 1;
    %load/v 9, v0x191ea70_0, 2;
    %cmpi/u 9, 2, 2;
    %mov 9, 4, 1;
    %and 8, 9, 1;
    %jmp/0xz  T_2.11, 8;
    %movi 8, 3, 3;
    %set/v v0x191e8c0_0, 8, 3;
    %jmp T_2.12;
T_2.11 ;
    %movi 8, 2, 3;
    %set/v v0x191e8c0_0, 8, 3;
T_2.12 ;
T_2.10 ;
    %jmp T_2.6;
T_2.2 ;
    %load/v 8, v0x191e960_0, 2;
    %cmpi/u 8, 1, 2;
    %mov 8, 4, 1;
    %load/v 9, v0x191ea70_0, 2;
    %cmpi/u 9, 2, 2;
    %mov 9, 4, 1;
    %and 8, 9, 1;
    %jmp/0xz  T_2.13, 8;
    %movi 8, 3, 3;
    %set/v v0x191e8c0_0, 8, 3;
    %jmp T_2.14;
T_2.13 ;
    %movi 8, 2, 3;
    %set/v v0x191e8c0_0, 8, 3;
T_2.14 ;
    %jmp T_2.6;
T_2.3 ;
    %load/v 8, v0x191e630_0, 1;
    %mov 9, 0, 2;
    %cmpi/u 8, 1, 3;
    %mov 8, 4, 1;
    %load/v 9, v0x191e720_0, 1;
    %mov 10, 0, 2;
    %cmpi/u 9, 1, 3;
    %mov 9, 4, 1;
    %and 8, 9, 1;
    %jmp/0xz  T_2.15, 8;
    %movi 8, 4, 3;
    %set/v v0x191e8c0_0, 8, 3;
    %jmp T_2.16;
T_2.15 ;
    %load/v 8, v0x191e720_0, 1;
    %mov 9, 0, 2;
    %cmpi/u 8, 1, 3;
    %jmp/0xz  T_2.17, 4;
    %set/v v0x191e8c0_0, 0, 3;
    %jmp T_2.18;
T_2.17 ;
    %movi 8, 3, 3;
    %set/v v0x191e8c0_0, 8, 3;
T_2.18 ;
T_2.16 ;
    %jmp T_2.6;
T_2.4 ;
    %load/v 8, v0x191e960_0, 2;
    %cmpi/u 8, 1, 2;
    %mov 8, 4, 1;
    %load/v 9, v0x191ea70_0, 2;
    %cmpi/u 9, 2, 2;
    %mov 9, 4, 1;
    %and 8, 9, 1;
    %jmp/0xz  T_2.19, 8;
    %movi 8, 3, 3;
    %set/v v0x191e8c0_0, 8, 3;
    %jmp T_2.20;
T_2.19 ;
    %movi 8, 4, 3;
    %set/v v0x191e8c0_0, 8, 3;
T_2.20 ;
    %jmp T_2.6;
T_2.6 ;
    %jmp T_2;
    .thread T_2, $push;
    .scope S_0x1905740;
T_3 ;
    %wait E_0x18f12e0;
    %load/v 8, v0x191e590_0, 3;
    %cmpi/u 8, 0, 3;
    %jmp/1 T_3.0, 6;
    %cmpi/u 8, 1, 3;
    %jmp/1 T_3.1, 6;
    %cmpi/u 8, 2, 3;
    %jmp/1 T_3.2, 6;
    %cmpi/u 8, 3, 3;
    %jmp/1 T_3.3, 6;
    %cmpi/u 8, 4, 3;
    %jmp/1 T_3.4, 6;
    %jmp T_3.5;
T_3.0 ;
    %set/v v0x191e7c0_0, 0, 1;
    %set/v v0x191eb10_0, 0, 1;
    %set/v v0x191e220_0, 1, 7;
    %set/v v0x191e2c0_0, 1, 7;
    %jmp T_3.5;
T_3.1 ;
    %set/v v0x191e7c0_0, 0, 1;
    %set/v v0x191eb10_0, 1, 1;
    %movi 8, 6, 7;
    %set/v v0x191e220_0, 8, 7;
    %movi 8, 43, 7;
    %set/v v0x191e2c0_0, 8, 7;
    %jmp T_3.5;
T_3.2 ;
    %set/v v0x191e7c0_0, 0, 1;
    %load/v 8, v0x191eb10_0, 1;
    %inv 8, 1;
    %set/v v0x191eb10_0, 8, 1;
    %movi 8, 6, 7;
    %set/v v0x191e220_0, 8, 7;
    %movi 8, 6, 7;
    %set/v v0x191e2c0_0, 8, 7;
    %jmp T_3.5;
T_3.3 ;
    %load/v 8, v0x191e7c0_0, 1;
    %inv 8, 1;
    %set/v v0x191e7c0_0, 8, 1;
    %set/v v0x191eb10_0, 0, 1;
    %movi 8, 2, 7;
    %set/v v0x191e220_0, 8, 7;
    %movi 8, 64, 7;
    %set/v v0x191e2c0_0, 8, 7;
    %jmp T_3.5;
T_3.4 ;
    %set/v v0x191e7c0_0, 0, 1;
    %load/v 8, v0x191eb10_0, 1;
    %inv 8, 1;
    %set/v v0x191eb10_0, 8, 1;
    %movi 8, 18, 7;
    %set/v v0x191e220_0, 8, 7;
    %movi 8, 12, 7;
    %set/v v0x191e2c0_0, 8, 7;
    %jmp T_3.5;
T_3.5 ;
    %jmp T_3;
    .thread T_3;
    .scope S_0x18db110;
T_4 ;
    %set/v v0x191efb0_0, 0, 1;
T_4.0 ;
    %delay 10000, 0;
    %load/v 8, v0x191efb0_0, 1;
    %inv 8, 1;
    %set/v v0x191efb0_0, 8, 1;
    %jmp T_4.0;
    %end;
    .thread T_4;
    .scope S_0x18db110;
T_5 ;
    %set/v v0x191f2f0_0, 0, 1;
    %set/v v0x191f060_0, 0, 1;
    %set/v v0x191f0e0_0, 0, 1;
    %set/v v0x191f190_0, 0, 2;
    %set/v v0x191f240_0, 0, 2;
    %delay 100000, 0;
    %set/v v0x191f2f0_0, 1, 1;
    %delay 20000, 0;
    %set/v v0x191f060_0, 1, 1;
    %delay 1000000, 0;
    %set/v v0x191f060_0, 0, 1;
    %movi 8, 1, 2;
    %set/v v0x191f190_0, 8, 2;
    %movi 8, 2, 2;
    %set/v v0x191f240_0, 8, 2;
    %delay 2000000, 0;
    %set/v v0x191f0e0_0, 1, 1;
    %end;
    .thread T_5;
    .scope S_0x18db110;
T_6 ;
    %vpi_call 2 54 "$dumpfile", "dump.vcd";
    %vpi_call 2 55 "$dumpvars";
    %delay 4000000, 0;
    %vpi_call 2 56 "$finish";
    %end;
    .thread T_6;
# The file index is used to find the file name in the following table.
:file_names 4;
    "N/A";
    "<interactive>";
    "testbench.sv";
    "design.sv";
