#! /usr/share/iverilog-0.9.7/bin/vvp
:ivl_version "0.9.7 " "(v0_9_6)";
:vpi_time_precision + 0;
:vpi_module "system";
:vpi_module "v2005_math";
:vpi_module "va_math";
S_0x1b21630 .scope module, "eq10101_tb" "eq10101_tb" 2 1;
 .timescale 0 0;
v0x1b39b30_0 .var "clk", 0 0;
v0x1b39bd0_0 .var "in", 0 0;
v0x1b39c80_0 .net "out", 0 0, v0x1b39910_0; 1 drivers
v0x1b39d30_0 .var "reset", 0 0;
S_0x1b21720 .scope module, "uut" "seq10101" 2 6, 3 2, S_0x1b21630;
 .timescale 0 0;
P_0x1af8fe8 .param/l "S0" 3 4, C4<000>;
P_0x1af9010 .param/l "S1" 3 5, C4<001>;
P_0x1af9038 .param/l "S2" 3 6, C4<010>;
P_0x1af9060 .param/l "S3" 3 7, C4<011>;
P_0x1af9088 .param/l "S4" 3 8, C4<100>;
v0x1b1c5d0_0 .net "clk", 0 0, v0x1b39b30_0; 1 drivers
v0x1b397d0_0 .net "in", 0 0, v0x1b39bd0_0; 1 drivers
v0x1b39870_0 .var "next_state", 2 0;
v0x1b39910_0 .var "out", 0 0;
v0x1b399b0_0 .net "reset", 0 0, v0x1b39d30_0; 1 drivers
v0x1b39a50_0 .var "state", 2 0;
E_0x1b0eae0 .event edge, v0x1b39a50_0, v0x1b397d0_0;
E_0x1af89b0 .event posedge, v0x1b1c5d0_0;
    .scope S_0x1b21720;
T_0 ;
    %wait E_0x1af89b0;
    %load/v 8, v0x1b399b0_0, 1;
    %jmp/0xz  T_0.0, 8;
    %ix/load 0, 3, 0;
    %assign/v0 v0x1b39a50_0, 0, 0;
    %jmp T_0.1;
T_0.0 ;
    %load/v 8, v0x1b39870_0, 3;
    %ix/load 0, 3, 0;
    %assign/v0 v0x1b39a50_0, 0, 8;
T_0.1 ;
    %jmp T_0;
    .thread T_0;
    .scope S_0x1b21720;
T_1 ;
    %wait E_0x1b0eae0;
    %load/v 8, v0x1b39a50_0, 3;
    %cmpi/u 8, 0, 3;
    %jmp/1 T_1.0, 6;
    %cmpi/u 8, 1, 3;
    %jmp/1 T_1.1, 6;
    %cmpi/u 8, 2, 3;
    %jmp/1 T_1.2, 6;
    %cmpi/u 8, 3, 3;
    %jmp/1 T_1.3, 6;
    %cmpi/u 8, 4, 3;
    %jmp/1 T_1.4, 6;
    %jmp T_1.5;
T_1.0 ;
    %load/v 8, v0x1b397d0_0, 1;
    %jmp/0xz  T_1.6, 8;
    %movi 8, 1, 3;
    %ix/load 0, 3, 0;
    %assign/v0 v0x1b39870_0, 0, 8;
    %set/v v0x1b39910_0, 0, 1;
    %jmp T_1.7;
T_1.6 ;
    %ix/load 0, 3, 0;
    %assign/v0 v0x1b39870_0, 0, 0;
    %set/v v0x1b39910_0, 0, 1;
T_1.7 ;
    %jmp T_1.5;
T_1.1 ;
    %load/v 8, v0x1b397d0_0, 1;
    %jmp/0xz  T_1.8, 8;
    %movi 8, 1, 3;
    %ix/load 0, 3, 0;
    %assign/v0 v0x1b39870_0, 0, 8;
    %set/v v0x1b39910_0, 0, 1;
    %jmp T_1.9;
T_1.8 ;
    %movi 8, 2, 3;
    %ix/load 0, 3, 0;
    %assign/v0 v0x1b39870_0, 0, 8;
    %set/v v0x1b39910_0, 0, 1;
T_1.9 ;
    %jmp T_1.5;
T_1.2 ;
    %load/v 8, v0x1b397d0_0, 1;
    %jmp/0xz  T_1.10, 8;
    %movi 8, 3, 3;
    %ix/load 0, 3, 0;
    %assign/v0 v0x1b39870_0, 0, 8;
    %set/v v0x1b39910_0, 0, 1;
    %jmp T_1.11;
T_1.10 ;
    %ix/load 0, 3, 0;
    %assign/v0 v0x1b39870_0, 0, 0;
    %set/v v0x1b39910_0, 0, 1;
T_1.11 ;
    %jmp T_1.5;
T_1.3 ;
    %load/v 8, v0x1b397d0_0, 1;
    %jmp/0xz  T_1.12, 8;
    %movi 8, 1, 3;
    %ix/load 0, 3, 0;
    %assign/v0 v0x1b39870_0, 0, 8;
    %set/v v0x1b39910_0, 0, 1;
    %jmp T_1.13;
T_1.12 ;
    %movi 8, 4, 3;
    %ix/load 0, 3, 0;
    %assign/v0 v0x1b39870_0, 0, 8;
    %set/v v0x1b39910_0, 0, 1;
T_1.13 ;
    %jmp T_1.5;
T_1.4 ;
    %load/v 8, v0x1b397d0_0, 1;
    %jmp/0xz  T_1.14, 8;
    %movi 8, 1, 3;
    %ix/load 0, 3, 0;
    %assign/v0 v0x1b39870_0, 0, 8;
    %set/v v0x1b39910_0, 1, 1;
    %jmp T_1.15;
T_1.14 ;
    %ix/load 0, 3, 0;
    %assign/v0 v0x1b39870_0, 0, 0;
    %set/v v0x1b39910_0, 0, 1;
T_1.15 ;
    %jmp T_1.5;
T_1.5 ;
    %jmp T_1;
    .thread T_1, $push;
    .scope S_0x1b21630;
T_2 ;
    %set/v v0x1b39b30_0, 0, 1;
T_2.0 ;
    %delay 5, 0;
    %load/v 8, v0x1b39b30_0, 1;
    %inv 8, 1;
    %set/v v0x1b39b30_0, 8, 1;
    %jmp T_2.0;
    %end;
    .thread T_2;
    .scope S_0x1b21630;
T_3 ;
    %set/v v0x1b39bd0_0, 0, 1;
    %set/v v0x1b39d30_0, 1, 1;
    %delay 20, 0;
    %set/v v0x1b39d30_0, 0, 1;
    %delay 5, 0;
    %set/v v0x1b39bd0_0, 1, 1;
    %delay 10, 0;
    %set/v v0x1b39bd0_0, 0, 1;
    %delay 10, 0;
    %set/v v0x1b39bd0_0, 1, 1;
    %delay 10, 0;
    %set/v v0x1b39bd0_0, 0, 1;
    %delay 10, 0;
    %set/v v0x1b39bd0_0, 1, 1;
    %delay 10, 0;
    %set/v v0x1b39bd0_0, 0, 1;
    %delay 10, 0;
    %set/v v0x1b39bd0_0, 1, 1;
    %delay 10, 0;
    %set/v v0x1b39bd0_0, 1, 1;
    %delay 10, 0;
    %set/v v0x1b39bd0_0, 1, 1;
    %delay 10, 0;
    %set/v v0x1b39bd0_0, 1, 1;
    %delay 10, 0;
    %set/v v0x1b39bd0_0, 0, 1;
    %delay 10, 0;
    %set/v v0x1b39bd0_0, 1, 1;
    %delay 10, 0;
    %set/v v0x1b39bd0_0, 1, 1;
    %delay 10, 0;
    %set/v v0x1b39bd0_0, 1, 1;
    %delay 10, 0;
    %set/v v0x1b39bd0_0, 1, 1;
    %delay 10, 0;
    %set/v v0x1b39bd0_0, 1, 1;
    %delay 10, 0;
    %set/v v0x1b39bd0_0, 0, 1;
    %delay 10, 0;
    %set/v v0x1b39bd0_0, 1, 1;
    %delay 10, 0;
    %set/v v0x1b39bd0_0, 0, 1;
    %delay 10, 0;
    %set/v v0x1b39bd0_0, 1, 1;
    %delay 10, 0;
    %set/v v0x1b39bd0_0, 0, 1;
    %end;
    .thread T_3;
    .scope S_0x1b21630;
T_4 ;
    %vpi_call 2 31 "$dumpfile", "dump.vcd";
    %vpi_call 2 32 "$dumpvars";
    %delay 300, 0;
    %vpi_call 2 33 "$finish";
    %end;
    .thread T_4;
# The file index is used to find the file name in the following table.
:file_names 4;
    "N/A";
    "<interactive>";
    "testbench.sv";
    "design.sv";
