#! /usr/share/iverilog-0.9.7/bin/vvp
:ivl_version "0.9.7 " "(v0_9_6)";
:vpi_time_precision - 12;
:vpi_module "system";
:vpi_module "v2005_math";
:vpi_module "va_math";
S_0x220ca00 .scope module, "Traffic_Light_Controller_TB" "Traffic_Light_Controller_TB" 2 2;
 .timescale -9 -12;
v0x2223e20_0 .var "clk", 0 0;
v0x2223ec0_0 .net "light_M1", 2 0, v0x22239c0_0; 1 drivers
v0x2223f70_0 .net "light_M2", 2 0, v0x2223a60_0; 1 drivers
v0x2224020_0 .net "light_MT", 2 0, v0x2223b10_0; 1 drivers
v0x2224100_0 .net "light_S", 2 0, v0x2223bb0_0; 1 drivers
v0x22241b0_0 .var "rst", 0 0;
S_0x220caf0 .scope module, "dut" "Traffic_Light_Controller" 2 8, 3 2, S_0x220ca00;
 .timescale -9 -12;
P_0x21f7008 .param/l "S1" 3 12, +C4<0>;
P_0x21f7030 .param/l "S2" 3 12, +C4<01>;
P_0x21f7058 .param/l "S3" 3 12, +C4<010>;
P_0x21f7080 .param/l "S4" 3 12, +C4<011>;
P_0x21f70a8 .param/l "S5" 3 12, +C4<0100>;
P_0x21f70d0 .param/l "S6" 3 12, +C4<0101>;
P_0x21f70f8 .param/l "sec2" 3 15, +C4<010>;
P_0x21f7120 .param/l "sec3" 3 15, +C4<011>;
P_0x21f7148 .param/l "sec5" 3 15, +C4<0101>;
P_0x21f7170 .param/l "sec7" 3 15, +C4<0111>;
v0x2203030_0 .net "clk", 0 0, v0x2223e20_0; 1 drivers
v0x2223920_0 .var "count", 3 0;
v0x22239c0_0 .var "light_M1", 2 0;
v0x2223a60_0 .var "light_M2", 2 0;
v0x2223b10_0 .var "light_MT", 2 0;
v0x2223bb0_0 .var "light_S", 2 0;
v0x2223c90_0 .var "ps", 2 0;
v0x2223d30_0 .net "rst", 0 0, v0x22241b0_0; 1 drivers
E_0x21f71e0 .event edge, v0x2223c90_0;
E_0x21f7230 .event posedge, v0x2223d30_0, v0x2203030_0;
    .scope S_0x220caf0;
T_0 ;
    %wait E_0x21f7230;
    %load/v 8, v0x2223d30_0, 1;
    %mov 9, 0, 2;
    %cmpi/u 8, 1, 3;
    %jmp/0xz  T_0.0, 4;
    %ix/load 0, 3, 0;
    %assign/v0 v0x2223c90_0, 0, 0;
    %ix/load 0, 4, 0;
    %assign/v0 v0x2223920_0, 0, 0;
    %jmp T_0.1;
T_0.0 ;
    %load/v 8, v0x2223c90_0, 3;
    %cmpi/u 8, 0, 3;
    %jmp/1 T_0.2, 6;
    %cmpi/u 8, 1, 3;
    %jmp/1 T_0.3, 6;
    %cmpi/u 8, 2, 3;
    %jmp/1 T_0.4, 6;
    %cmpi/u 8, 3, 3;
    %jmp/1 T_0.5, 6;
    %cmpi/u 8, 4, 3;
    %jmp/1 T_0.6, 6;
    %cmpi/u 8, 5, 3;
    %jmp/1 T_0.7, 6;
    %ix/load 0, 3, 0;
    %assign/v0 v0x2223c90_0, 0, 0;
    %jmp T_0.9;
T_0.2 ;
    %load/v 8, v0x2223920_0, 4;
    %mov 12, 0, 1;
   %cmpi/u 8, 7, 5;
    %jmp/0xz  T_0.10, 5;
    %ix/load 0, 3, 0;
    %assign/v0 v0x2223c90_0, 0, 0;
    %load/v 8, v0x2223920_0, 4;
    %mov 12, 0, 28;
    %addi 8, 1, 32;
    %ix/load 0, 4, 0;
    %assign/v0 v0x2223920_0, 0, 8;
    %jmp T_0.11;
T_0.10 ;
    %movi 8, 1, 3;
    %ix/load 0, 3, 0;
    %assign/v0 v0x2223c90_0, 0, 8;
    %ix/load 0, 4, 0;
    %assign/v0 v0x2223920_0, 0, 0;
T_0.11 ;
    %jmp T_0.9;
T_0.3 ;
    %load/v 8, v0x2223920_0, 4;
    %mov 12, 0, 1;
   %cmpi/u 8, 2, 5;
    %jmp/0xz  T_0.12, 5;
    %movi 8, 1, 3;
    %ix/load 0, 3, 0;
    %assign/v0 v0x2223c90_0, 0, 8;
    %load/v 8, v0x2223920_0, 4;
    %mov 12, 0, 28;
    %addi 8, 1, 32;
    %ix/load 0, 4, 0;
    %assign/v0 v0x2223920_0, 0, 8;
    %jmp T_0.13;
T_0.12 ;
    %movi 8, 2, 3;
    %ix/load 0, 3, 0;
    %assign/v0 v0x2223c90_0, 0, 8;
    %ix/load 0, 4, 0;
    %assign/v0 v0x2223920_0, 0, 0;
T_0.13 ;
    %jmp T_0.9;
T_0.4 ;
    %load/v 8, v0x2223920_0, 4;
    %mov 12, 0, 1;
   %cmpi/u 8, 5, 5;
    %jmp/0xz  T_0.14, 5;
    %movi 8, 2, 3;
    %ix/load 0, 3, 0;
    %assign/v0 v0x2223c90_0, 0, 8;
    %load/v 8, v0x2223920_0, 4;
    %mov 12, 0, 28;
    %addi 8, 1, 32;
    %ix/load 0, 4, 0;
    %assign/v0 v0x2223920_0, 0, 8;
    %jmp T_0.15;
T_0.14 ;
    %movi 8, 3, 3;
    %ix/load 0, 3, 0;
    %assign/v0 v0x2223c90_0, 0, 8;
    %ix/load 0, 4, 0;
    %assign/v0 v0x2223920_0, 0, 0;
T_0.15 ;
    %jmp T_0.9;
T_0.5 ;
    %load/v 8, v0x2223920_0, 4;
    %mov 12, 0, 1;
   %cmpi/u 8, 2, 5;
    %jmp/0xz  T_0.16, 5;
    %movi 8, 3, 3;
    %ix/load 0, 3, 0;
    %assign/v0 v0x2223c90_0, 0, 8;
    %load/v 8, v0x2223920_0, 4;
    %mov 12, 0, 28;
    %addi 8, 1, 32;
    %ix/load 0, 4, 0;
    %assign/v0 v0x2223920_0, 0, 8;
    %jmp T_0.17;
T_0.16 ;
    %movi 8, 4, 4;
    %ix/load 0, 3, 0;
    %assign/v0 v0x2223c90_0, 0, 8;
    %ix/load 0, 4, 0;
    %assign/v0 v0x2223920_0, 0, 0;
T_0.17 ;
    %jmp T_0.9;
T_0.6 ;
    %load/v 8, v0x2223920_0, 4;
    %mov 12, 0, 1;
   %cmpi/u 8, 3, 5;
    %jmp/0xz  T_0.18, 5;
    %movi 8, 4, 4;
    %ix/load 0, 3, 0;
    %assign/v0 v0x2223c90_0, 0, 8;
    %load/v 8, v0x2223920_0, 4;
    %mov 12, 0, 28;
    %addi 8, 1, 32;
    %ix/load 0, 4, 0;
    %assign/v0 v0x2223920_0, 0, 8;
    %jmp T_0.19;
T_0.18 ;
    %movi 8, 5, 4;
    %ix/load 0, 3, 0;
    %assign/v0 v0x2223c90_0, 0, 8;
    %ix/load 0, 4, 0;
    %assign/v0 v0x2223920_0, 0, 0;
T_0.19 ;
    %jmp T_0.9;
T_0.7 ;
    %load/v 8, v0x2223920_0, 4;
    %mov 12, 0, 1;
   %cmpi/u 8, 2, 5;
    %jmp/0xz  T_0.20, 5;
    %movi 8, 5, 4;
    %ix/load 0, 3, 0;
    %assign/v0 v0x2223c90_0, 0, 8;
    %load/v 8, v0x2223920_0, 4;
    %mov 12, 0, 28;
    %addi 8, 1, 32;
    %ix/load 0, 4, 0;
    %assign/v0 v0x2223920_0, 0, 8;
    %jmp T_0.21;
T_0.20 ;
    %ix/load 0, 3, 0;
    %assign/v0 v0x2223c90_0, 0, 0;
    %ix/load 0, 4, 0;
    %assign/v0 v0x2223920_0, 0, 0;
T_0.21 ;
    %jmp T_0.9;
T_0.9 ;
T_0.1 ;
    %jmp T_0;
    .thread T_0;
    .scope S_0x220caf0;
T_1 ;
    %wait E_0x21f71e0;
    %load/v 8, v0x2223c90_0, 3;
    %cmpi/u 8, 0, 3;
    %jmp/1 T_1.0, 6;
    %cmpi/u 8, 1, 3;
    %jmp/1 T_1.1, 6;
    %cmpi/u 8, 2, 3;
    %jmp/1 T_1.2, 6;
    %cmpi/u 8, 3, 3;
    %jmp/1 T_1.3, 6;
    %cmpi/u 8, 4, 3;
    %jmp/1 T_1.4, 6;
    %cmpi/u 8, 5, 3;
    %jmp/1 T_1.5, 6;
    %ix/load 0, 3, 0;
    %assign/v0 v0x22239c0_0, 0, 0;
    %ix/load 0, 3, 0;
    %assign/v0 v0x2223a60_0, 0, 0;
    %ix/load 0, 3, 0;
    %assign/v0 v0x2223b10_0, 0, 0;
    %ix/load 0, 3, 0;
    %assign/v0 v0x2223bb0_0, 0, 0;
    %jmp T_1.7;
T_1.0 ;
    %movi 8, 1, 3;
    %ix/load 0, 3, 0;
    %assign/v0 v0x22239c0_0, 0, 8;
    %movi 8, 1, 3;
    %ix/load 0, 3, 0;
    %assign/v0 v0x2223a60_0, 0, 8;
    %movi 8, 4, 3;
    %ix/load 0, 3, 0;
    %assign/v0 v0x2223b10_0, 0, 8;
    %movi 8, 4, 3;
    %ix/load 0, 3, 0;
    %assign/v0 v0x2223bb0_0, 0, 8;
    %jmp T_1.7;
T_1.1 ;
    %movi 8, 1, 3;
    %ix/load 0, 3, 0;
    %assign/v0 v0x22239c0_0, 0, 8;
    %movi 8, 2, 3;
    %ix/load 0, 3, 0;
    %assign/v0 v0x2223a60_0, 0, 8;
    %movi 8, 4, 3;
    %ix/load 0, 3, 0;
    %assign/v0 v0x2223b10_0, 0, 8;
    %movi 8, 4, 3;
    %ix/load 0, 3, 0;
    %assign/v0 v0x2223bb0_0, 0, 8;
    %jmp T_1.7;
T_1.2 ;
    %movi 8, 1, 3;
    %ix/load 0, 3, 0;
    %assign/v0 v0x22239c0_0, 0, 8;
    %movi 8, 4, 3;
    %ix/load 0, 3, 0;
    %assign/v0 v0x2223a60_0, 0, 8;
    %movi 8, 1, 3;
    %ix/load 0, 3, 0;
    %assign/v0 v0x2223b10_0, 0, 8;
    %movi 8, 4, 3;
    %ix/load 0, 3, 0;
    %assign/v0 v0x2223bb0_0, 0, 8;
    %jmp T_1.7;
T_1.3 ;
    %movi 8, 2, 3;
    %ix/load 0, 3, 0;
    %assign/v0 v0x22239c0_0, 0, 8;
    %movi 8, 4, 3;
    %ix/load 0, 3, 0;
    %assign/v0 v0x2223a60_0, 0, 8;
    %movi 8, 2, 3;
    %ix/load 0, 3, 0;
    %assign/v0 v0x2223b10_0, 0, 8;
    %movi 8, 4, 3;
    %ix/load 0, 3, 0;
    %assign/v0 v0x2223bb0_0, 0, 8;
    %jmp T_1.7;
T_1.4 ;
    %movi 8, 4, 3;
    %ix/load 0, 3, 0;
    %assign/v0 v0x22239c0_0, 0, 8;
    %movi 8, 4, 3;
    %ix/load 0, 3, 0;
    %assign/v0 v0x2223a60_0, 0, 8;
    %movi 8, 4, 3;
    %ix/load 0, 3, 0;
    %assign/v0 v0x2223b10_0, 0, 8;
    %movi 8, 1, 3;
    %ix/load 0, 3, 0;
    %assign/v0 v0x2223bb0_0, 0, 8;
    %jmp T_1.7;
T_1.5 ;
    %movi 8, 4, 3;
    %ix/load 0, 3, 0;
    %assign/v0 v0x22239c0_0, 0, 8;
    %movi 8, 4, 3;
    %ix/load 0, 3, 0;
    %assign/v0 v0x2223a60_0, 0, 8;
    %movi 8, 4, 3;
    %ix/load 0, 3, 0;
    %assign/v0 v0x2223b10_0, 0, 8;
    %movi 8, 4, 3;
    %ix/load 0, 3, 0;
    %assign/v0 v0x2223bb0_0, 0, 8;
    %jmp T_1.7;
T_1.7 ;
    %jmp T_1;
    .thread T_1, $push;
    .scope S_0x220ca00;
T_2 ;
    %set/v v0x2223e20_0, 0, 1;
T_2.0 ;
    %delay 1783793664, 116;
    %load/v 8, v0x2223e20_0, 1;
    %inv 8, 1;
    %set/v v0x2223e20_0, 8, 1;
    %jmp T_2.0;
    %end;
    .thread T_2;
    .scope S_0x220ca00;
T_3 ;
    %set/v v0x22241b0_0, 0, 1;
    %delay 3567587328, 232;
    %set/v v0x22241b0_0, 1, 1;
    %delay 3567587328, 232;
    %set/v v0x22241b0_0, 0, 1;
    %delay 552894464, 46566;
    %vpi_call 2 24 "$finish";
    %end;
    .thread T_3;
# The file index is used to find the file name in the following table.
:file_names 4;
    "N/A";
    "<interactive>";
    "testbench.sv";
    "design.sv";
