#! /usr/share/iverilog-0.9.7/bin/vvp
:ivl_version "0.9.7 " "(v0_9_6)";
:vpi_time_precision + 0;
:vpi_module "system";
:vpi_module "v2005_math";
:vpi_module "va_math";
S_0x1a216c0 .scope module, "tb_fulladd" "tb_fulladd" 2 1;
 .timescale 0 0;
v0x1a33780_0 .var "a", 3 0;
v0x1a33850_0 .var "b", 3 0;
v0x1a33900_0 .var "c_in", 0 0;
v0x1a339b0_0 .net "c_out", 0 0, v0x1a33630_0; 1 drivers
v0x1a33a90_0 .var/i "i", 31 0;
v0x1a33b10_0 .net "sum", 3 0, v0x1a336e0_0; 1 drivers
S_0x1a217b0 .scope module, "fa0" "fulladd" 2 10, 3 2, S_0x1a216c0;
 .timescale 0 0;
v0x19ff9f0_0 .net "a", 3 0, v0x1a33780_0; 1 drivers
v0x1a334f0_0 .net "b", 3 0, v0x1a33850_0; 1 drivers
v0x1a33590_0 .net "c_in", 0 0, v0x1a33900_0; 1 drivers
v0x1a33630_0 .var "c_out", 0 0;
v0x1a336e0_0 .var "sum", 3 0;
E_0x19fd280 .event edge, v0x1a33590_0, v0x1a334f0_0, v0x19ff9f0_0;
    .scope S_0x1a217b0;
T_0 ;
    %wait E_0x19fd280;
    %load/v 8, v0x19ff9f0_0, 4;
    %mov 12, 0, 1;
    %load/v 13, v0x1a334f0_0, 4;
    %mov 17, 0, 1;
    %add 8, 13, 5;
    %load/v 13, v0x1a33590_0, 1;
    %mov 14, 0, 4;
    %add 8, 13, 5;
    %set/v v0x1a336e0_0, 8, 4;
    %set/v v0x1a33630_0, 12, 1;
    %jmp T_0;
    .thread T_0, $push;
    .scope S_0x1a216c0;
T_1 ;
    %ix/load 0, 4, 0;
    %assign/v0 v0x1a33780_0, 0, 0;
    %ix/load 0, 4, 0;
    %assign/v0 v0x1a33850_0, 0, 0;
    %ix/load 0, 1, 0;
    %assign/v0 v0x1a33900_0, 0, 0;
    %vpi_call 2 22 "$monitor", "a=0x%0h b=0x%0h c_in=0x%0h c_out=0x%0h sum=0x%0h", v0x1a33780_0, v0x1a33850_0, v0x1a33900_0, v0x1a339b0_0, v0x1a33b10_0;
    %set/v v0x1a33a90_0, 0, 32;
T_1.0 ;
    %load/v 8, v0x1a33a90_0, 32;
   %cmpi/s 8, 5, 32;
    %jmp/0xz T_1.1, 5;
    %delay 10, 0;
    %vpi_func 2 26 "$random", 8, 32;
    %ix/load 0, 4, 0;
    %assign/v0 v0x1a33780_0, 0, 8;
    %vpi_func 2 27 "$random", 8, 32;
    %ix/load 0, 4, 0;
    %assign/v0 v0x1a33850_0, 0, 8;
    %vpi_func 2 28 "$random", 8, 32;
    %ix/load 0, 1, 0;
    %assign/v0 v0x1a33900_0, 0, 8;
    %ix/load 0, 1, 0;
    %load/vp0/s 8, v0x1a33a90_0, 32;
    %set/v v0x1a33a90_0, 8, 32;
    %jmp T_1.0;
T_1.1 ;
    %end;
    .thread T_1;
    .scope S_0x1a216c0;
T_2 ;
    %vpi_call 2 33 "$dumpvars";
    %vpi_call 2 34 "$dumpfile", "dump.vcd";
    %end;
    .thread T_2;
# The file index is used to find the file name in the following table.
:file_names 4;
    "N/A";
    "<interactive>";
    "testbench.sv";
    "design.sv";
