#! /usr/share/iverilog-0.9.7/bin/vvp
:ivl_version "0.9.7 " "(v0_9_6)";
:vpi_time_precision + 0;
:vpi_module "system";
:vpi_module "v2005_math";
:vpi_module "va_math";
S_0x1869400 .scope module, "tb_alu" "tb_alu" 2 2;
 .timescale 0 0;
v0x18a08c0_0 .var "A", 3 0;
v0x18a0960_0 .net "ALU_Out", 3 0, v0x18a0220_0; 1 drivers
v0x18a0a10_0 .var "ALU_Sel", 1 0;
v0x18a0ac0_0 .var "B", 3 0;
v0x18a0ba0_0 .net "C", 0 0, L_0x18a11b0; 1 drivers
S_0x1868720 .scope module, "test_unit" "alu" 2 11, 3 2, S_0x1869400;
 .timescale 0 0;
v0x1867bb0_0 .net "A", 3 0, v0x18a08c0_0; 1 drivers
v0x18a0180_0 .alias "ALU_Out", 3 0, v0x18a0960_0;
v0x18a0220_0 .var "ALU_Result", 3 0;
v0x18a02c0_0 .net "ALU_Sel", 1 0, v0x18a0a10_0; 1 drivers
v0x18a0370_0 .net "B", 3 0, v0x18a0ac0_0; 1 drivers
v0x18a0410_0 .alias "C", 0 0, v0x18a0ba0_0;
v0x18a04f0_0 .net *"_s2", 0 0, C4<0>; 1 drivers
v0x18a0590_0 .net *"_s4", 4 0, L_0x18a0ce0; 1 drivers
v0x18a0680_0 .net *"_s6", 0 0, C4<0>; 1 drivers
v0x18a0720_0 .net *"_s8", 4 0, L_0x18a0e90; 1 drivers
v0x18a0820_0 .net "tmp", 4 0, L_0x18a0fd0; 1 drivers
E_0x187b230 .event edge, v0x18a02c0_0, v0x1867bb0_0, v0x18a0370_0;
L_0x18a0ce0 .concat [ 4 1 0 0], v0x18a08c0_0, C4<0>;
L_0x18a0e90 .concat [ 4 1 0 0], v0x18a0ac0_0, C4<0>;
L_0x18a0fd0 .arith/sum 5, L_0x18a0ce0, L_0x18a0e90;
L_0x18a11b0 .part L_0x18a0fd0, 4, 1;
    .scope S_0x1868720;
T_0 ;
    %wait E_0x187b230;
    %load/v 8, v0x18a02c0_0, 2;
    %cmpi/u 8, 0, 2;
    %jmp/1 T_0.0, 6;
    %cmpi/u 8, 1, 2;
    %jmp/1 T_0.1, 6;
    %cmpi/u 8, 2, 2;
    %jmp/1 T_0.2, 6;
    %cmpi/u 8, 3, 2;
    %jmp/1 T_0.3, 6;
    %load/v 8, v0x1867bb0_0, 4;
    %load/v 12, v0x18a0370_0, 4;
    %add 8, 12, 4;
    %set/v v0x18a0220_0, 8, 4;
    %jmp T_0.5;
T_0.0 ;
    %load/v 8, v0x1867bb0_0, 4;
    %load/v 12, v0x18a0370_0, 4;
    %add 8, 12, 4;
    %set/v v0x18a0220_0, 8, 4;
    %jmp T_0.5;
T_0.1 ;
    %load/v 8, v0x1867bb0_0, 4;
    %load/v 12, v0x18a0370_0, 4;
    %sub 8, 12, 4;
    %set/v v0x18a0220_0, 8, 4;
    %jmp T_0.5;
T_0.2 ;
    %load/v 8, v0x1867bb0_0, 4;
    %load/v 12, v0x18a0370_0, 4;
    %or 8, 12, 4;
    %set/v v0x18a0220_0, 8, 4;
    %jmp T_0.5;
T_0.3 ;
    %load/v 8, v0x1867bb0_0, 4;
    %load/v 12, v0x18a0370_0, 4;
    %and 8, 12, 4;
    %inv 8, 4;
    %set/v v0x18a0220_0, 8, 4;
    %jmp T_0.5;
T_0.5 ;
    %jmp T_0;
    .thread T_0, $push;
    .scope S_0x1869400;
T_1 ;
    %movi 8, 6, 4;
    %set/v v0x18a08c0_0, 8, 4;
    %movi 8, 2, 4;
    %set/v v0x18a0ac0_0, 8, 4;
    %set/v v0x18a0a10_0, 0, 2;
    %delay 10, 0;
    %movi 8, 1, 2;
    %set/v v0x18a0a10_0, 8, 2;
    %delay 10, 0;
    %movi 8, 2, 2;
    %set/v v0x18a0a10_0, 8, 2;
    %delay 10, 0;
    %set/v v0x18a0a10_0, 1, 2;
    %end;
    .thread T_1;
    .scope S_0x1869400;
T_2 ;
    %vpi_call 2 28 "$dumpfile", "dump.vcd";
    %vpi_call 2 29 "$dumpvars";
    %delay 40, 0;
    %vpi_call 2 30 "$finish";
    %end;
    .thread T_2;
# The file index is used to find the file name in the following table.
:file_names 4;
    "N/A";
    "<interactive>";
    "testbench.sv";
    "design.sv";
